<?xml version="1.0" encoding="UTF-8"?>
<testsuite xmlns:xsi="http://www.w3.org/2001/XMLSchema-instance" xsi:noNamespaceSchemaLocation="https://maven.apache.org/surefire/maven-surefire-plugin/xsd/surefire-test-report-3.0.xsd" version="3.0" name="com.p2p.service.LoanServiceTest" time="0.858" tests="4" errors="0" skipped="0" failures="0">
  <properties>
[...]
</properties>
  <testcase name="shouldRejectLoanWhenCreditScoreLow" classname="com.p2p.service.LoanServiceTest" time="0.809">
    <system-out><![CDATA[21:23:08.943 [main] INFO  com.p2p.service.LoanService - === createLoan() dipanggil ===
21:23:08.954 [main] DEBUG com.p2p.service.LoanService - Borrower verified: true, creditScore: 400, amount: 5000
21:23:08.954 [main] DEBUG com.p2p.service.LoanService - Borrower lolos validasi KYC
21:23:08.954 [main] DEBUG com.p2p.service.LoanService - Amount lolos validasi: 5000
21:23:08.957 [main] INFO  com.p2p.service.LoanService - Loan object berhasil dibuat, status awal: PENDING
21:23:08.957 [main] WARN  com.p2p.service.LoanService - Loan REJECTED - credit score 400 < threshold 600
21:23:08.957 [main] INFO  com.p2p.service.LoanService - createLoan() selesai, status akhir: REJECTED
]]></system-out>
  </testcase>
  <testcase name="shouldApproveLoanWhenCreditScoreHigh" classname="com.p2p.service.LoanServiceTest" time="0.006">
    <system-out><![CDATA[21:23:08.980 [main] INFO  com.p2p.service.LoanService - === createLoan() dipanggil ===
21:23:08.981 [main] DEBUG com.p2p.service.LoanService - Borrower verified: true, creditScore: 700, amount: 5000
21:23:08.981 [main] DEBUG com.p2p.service.LoanService - Borrower lolos validasi KYC
21:23:08.981 [main] DEBUG com.p2p.service.LoanService - Amount lolos validasi: 5000
21:23:08.981 [main] INFO  com.p2p.service.LoanService - Loan object berhasil dibuat, status awal: PENDING
21:23:08.981 [main] INFO  com.p2p.service.LoanService - Loan APPROVED - credit score 700 >= threshold 600
21:23:08.982 [main] INFO  com.p2p.service.LoanService - createLoan() selesai, status akhir: APPROVED
]]></system-out>
  </testcase>
  <testcase name="shouldRejectLoanWhenAmountIsZeroOrNegative" classname="com.p2p.service.LoanServiceTest" time="0.006">
    <system-out><![CDATA[21:23:08.990 [main] INFO  com.p2p.service.LoanService - === createLoan() dipanggil ===
21:23:08.990 [main] DEBUG com.p2p.service.LoanService - Borrower verified: true, creditScore: 700, amount: 0
21:23:08.990 [main] DEBUG com.p2p.service.LoanService - Borrower lolos validasi KYC
21:23:08.992 [main] ERROR com.p2p.service.LoanService - GAGAL: Amount tidak valid -> 0
21:23:08.992 [main] INFO  com.p2p.service.LoanService - === createLoan() dipanggil ===
21:23:08.992 [main] DEBUG com.p2p.service.LoanService - Borrower verified: true, creditScore: 700, amount: -500
21:23:08.992 [main] DEBUG com.p2p.service.LoanService - Borrower lolos validasi KYC
21:23:08.992 [main] ERROR com.p2p.service.LoanService - GAGAL: Amount tidak valid -> -500
]]></system-out>
  </testcase>
  <testcase name="shouldRejectLoanWhenBorrowerNotVerified" classname="com.p2p.service.LoanServiceTest" time="0.002">
    <system-out><![CDATA[21:23:08.997 [main] INFO  com.p2p.service.LoanService - === createLoan() dipanggil ===
21:23:08.998 [main] DEBUG com.p2p.service.LoanService - Borrower verified: false, creditScore: 700, amount: 1000
21:23:08.998 [main] ERROR com.p2p.service.LoanService - GAGAL: Borrower belum terverifikasi (KYC = false)
]]></system-out>
  </testcase>
</testsuite>